<?xml version="1.0" ?>
<coverage version="7.6.8" timestamp="1733166257609" lines-valid="12" lines-covered="11" line-rate="0.9167" branches-covered="0" branches-valid="0" branch-rate="0" complexity="0">
	<!-- Generated by coverage.py: https://coverage.readthedocs.io/en/7.6.8 -->
	<!-- Based on https://raw.githubusercontent.com/cobertura/web/master/htdocs/xml/coverage-04.dtd -->
	<sources>
		<source>C:\Users\vishw\OneDrive\Desktop\Automated_Unit_Test_Generator</source>
	</sources>
	<packages>
		<package name="." line-rate="0.9167" branch-rate="0" complexity="0">
			<classes>
				<class name="example.py" filename="example.py" complexity="0" line-rate="0.9167" branch-rate="0">
					<methods/>
					<lines>
						<line number="2" hits="1"/>
						<line number="3" hits="1"/>
						<line number="5" hits="1"/>
						<line number="6" hits="1"/>
						<line number="8" hits="1"/>
						<line number="9" hits="1"/>
						<line number="11" hits="1"/>
						<line number="12" hits="1"/>
						<line number="13" hits="1"/>
						<line number="14" hits="1"/>
						<line number="17" hits="1"/>
						<line number="19" hits="0"/>
					</lines>
				</class>
			</classes>
		</package>
	</packages>
</coverage>
